<?xml version="1.0" encoding="UTF-8"?>
<!-- Generated by org.testng.reporters.JUnitReportReporter -->
<testsuite skipped="0" hostname="Dream" name="com.nobrokers.app.Homescreen" tests="1" failures="0" timestamp="21 Apr 2020 02:35:44 GMT" time="60.448" errors="0">
  <testcase name="homescreenTofourthProperty" time="60.448" classname="com.nobrokers.app.Homescreen"/>
</testsuite> <!-- com.nobrokers.app.Homescreen -->
